2025-12-02 17:06:04 - Database connected successfully
2025-12-02 17:06:04 - Processing login for user: onwosam@gmail.com
2025-12-02 17:06:04 - User found: onwosam@gmail.com, Country: KE, Account type: regular
2025-12-02 17:06:04 - Password verified successfully
2025-12-02 17:06:04 - Account is activated, creating session...
2025-12-02 17:06:04 - Last login updated successfully
2025-12-02 17:06:04 - Login successful, returning: portal
2025-12-02 17:06:04 - Login process completed
2025-12-02 17:06:19 - Database connected successfully
2025-12-02 17:06:19 - Processing login for user: onwosam@gmail.com
2025-12-02 17:06:19 - User found: onwosam@gmail.com, Country: KE, Account type: regular
2025-12-02 17:06:19 - Password verified successfully
2025-12-02 17:06:19 - Account is activated, creating session...
2025-12-02 17:06:19 - Last login updated successfully
2025-12-02 17:06:19 - Login successful, returning: portal
2025-12-02 17:06:19 - Login process completed
2025-12-02 17:06:33 - Database connected successfully
2025-12-02 17:06:33 - Processing login for user: onwosamm@gmail.com
2025-12-02 17:06:33 - User found: onwosamm@gmail.com, Country: KE, Account type: regular
2025-12-02 17:06:33 - Password verified successfully
2025-12-02 17:06:33 - Account is activated, creating session...
2025-12-02 17:06:33 - Last login updated successfully
2025-12-02 17:06:33 - Login successful, returning: portal
2025-12-02 17:06:33 - Login process completed
2025-12-02 17:06:34 - Database connected successfully
2025-12-02 17:06:34 - Processing login for user: onwosamm@gmail.com
2025-12-02 17:06:34 - User found: onwosamm@gmail.com, Country: KE, Account type: regular
2025-12-02 17:06:34 - Password verified successfully
2025-12-02 17:06:34 - Account is activated, creating session...
2025-12-02 17:06:34 - Last login updated successfully
2025-12-02 17:06:34 - Login successful, returning: portal
2025-12-02 17:06:34 - Login process completed
2025-12-02 17:06:35 - Database connected successfully
2025-12-02 17:06:35 - Processing login for user: onwosamm@gmail.com
2025-12-02 17:06:35 - User found: onwosamm@gmail.com, Country: KE, Account type: regular
2025-12-02 17:06:35 - Password verified successfully
2025-12-02 17:06:35 - Account is activated, creating session...
2025-12-02 17:06:35 - Last login updated successfully
2025-12-02 17:06:35 - Login successful, returning: portal
2025-12-02 17:06:35 - Login process completed
2025-12-02 17:06:39 - Database connected successfully
2025-12-02 17:06:39 - Processing login for user: onwosammmm@gmail.com
2025-12-02 17:06:39 - User not found: onwosammmm@gmail.com
2025-12-02 17:06:47 - Database connected successfully
2025-12-02 17:06:47 - Processing login for user: onwongsammmm@gmail.com
2025-12-02 17:06:47 - User not found: onwongsammmm@gmail.com
2025-12-02 17:06:51 - Database connected successfully
2025-12-02 17:06:51 - Processing login for user: onwongsamm@gmail.com
2025-12-02 17:06:51 - User not found: onwongsamm@gmail.com
